<?xml version="1.0" encoding="UTF-8"?>
<coverage generated="1655795855225" clover="3.2.0">
  <project timestamp="1655795855225" name="All files">
    <metrics statements="42" coveredstatements="29" conditionals="17" coveredconditionals="14" methods="13" coveredmethods="6" elements="72" coveredelements="49" complexity="0" loc="42" ncloc="42" packages="1" files="3" classes="3"/>
    <file name="commands.ts" path="/Users/discovery/Code/toyrobot/src/commands.ts">
      <metrics statements="22" coveredstatements="11" conditionals="9" coveredconditionals="7" methods="8" coveredmethods="2"/>
      <line num="1" count="1" type="stmt"/>
      <line num="2" count="1" type="stmt"/>
      <line num="4" count="1" type="stmt"/>
      <line num="5" count="0" type="stmt"/>
      <line num="8" count="0" type="stmt"/>
      <line num="11" count="0" type="stmt"/>
      <line num="14" count="0" type="stmt"/>
      <line num="19" count="1" type="stmt"/>
      <line num="41" count="2" type="stmt"/>
      <line num="47" count="1" type="stmt"/>
      <line num="48" count="2" type="cond" truecount="1" falsecount="0"/>
      <line num="49" count="1" type="stmt"/>
      <line num="52" count="1" type="stmt"/>
      <line num="58" count="1" type="stmt"/>
      <line num="59" count="0" type="cond" truecount="0" falsecount="1"/>
      <line num="60" count="0" type="stmt"/>
      <line num="63" count="0" type="stmt"/>
      <line num="65" count="0" type="cond" truecount="0" falsecount="1"/>
      <line num="66" count="0" type="stmt"/>
      <line num="69" count="0" type="stmt"/>
      <line num="75" count="1" type="stmt"/>
      <line num="76" count="0" type="stmt"/>
    </file>
    <file name="exceptions.ts" path="/Users/discovery/Code/toyrobot/src/exceptions.ts">
      <metrics statements="6" coveredstatements="4" conditionals="2" coveredconditionals="1" methods="2" coveredmethods="1"/>
      <line num="3" count="1" type="stmt"/>
      <line num="4" count="1" type="stmt"/>
      <line num="10" count="0" type="stmt"/>
      <line num="11" count="0" type="stmt"/>
      <line num="16" count="1" type="stmt"/>
      <line num="17" count="1" type="stmt"/>
    </file>
    <file name="types.ts" path="/Users/discovery/Code/toyrobot/src/types.ts">
      <metrics statements="14" coveredstatements="14" conditionals="6" coveredconditionals="6" methods="3" coveredmethods="3"/>
      <line num="1" count="1" type="cond" truecount="2" falsecount="0"/>
      <line num="2" count="1" type="stmt"/>
      <line num="3" count="1" type="stmt"/>
      <line num="4" count="1" type="stmt"/>
      <line num="5" count="1" type="stmt"/>
      <line num="8" count="1" type="cond" truecount="2" falsecount="0"/>
      <line num="9" count="1" type="stmt"/>
      <line num="10" count="1" type="stmt"/>
      <line num="13" count="1" type="cond" truecount="2" falsecount="0"/>
      <line num="14" count="1" type="stmt"/>
      <line num="15" count="1" type="stmt"/>
      <line num="16" count="1" type="stmt"/>
      <line num="17" count="1" type="stmt"/>
      <line num="18" count="1" type="stmt"/>
    </file>
  </project>
</coverage>
