{"/Users/discovery/Code/toyrobot/src/commands.ts": {"path":"/Users/discovery/Code/toyrobot/src/commands.ts","statementMap":{"0":{"start":{"line":1,"column":0},"end":{"line":1,"column":97}},"1":{"start":{"line":2,"column":0},"end":{"line":2,"column":73}},"2":{"start":{"line":4,"column":24},"end":{"line":17,"column":2}},"3":{"start":{"line":5,"column":56},"end":{"line":7,"column":4}},"4":{"start":{"line":8,"column":56},"end":{"line":10,"column":4}},"5":{"start":{"line":11,"column":55},"end":{"line":13,"column":4}},"6":{"start":{"line":14,"column":55},"end":{"line":16,"column":4}},"7":{"start":{"line":19,"column":22},"end":{"line":37,"column":null}},"8":{"start":{"line":41,"column":2},"end":{"line":44,"column":4}},"9":{"start":{"line":48,"column":2},"end":{"line":50,"column":null}},"10":{"start":{"line":49,"column":4},"end":{"line":49,"column":37}},"11":{"start":{"line":52,"column":2},"end":{"line":55,"column":4}},"12":{"start":{"line":47,"column":0},"end":{"line":47,"column":16}},"13":{"start":{"line":59,"column":2},"end":{"line":61,"column":null}},"14":{"start":{"line":60,"column":4},"end":{"line":60,"column":36}},"15":{"start":{"line":63,"column":22},"end":{"line":63,"column":69}},"16":{"start":{"line":65,"column":2},"end":{"line":67,"column":null}},"17":{"start":{"line":66,"column":4},"end":{"line":66,"column":62}},"18":{"start":{"line":69,"column":2},"end":{"line":72,"column":4}},"19":{"start":{"line":58,"column":0},"end":{"line":58,"column":16}},"20":{"start":{"line":76,"column":2},"end":{"line":76,"column":44}},"21":{"start":{"line":75,"column":0},"end":{"line":75,"column":16}}},"fnMap":{"0":{"name":"(anonymous_0)","decl":{"start":{"line":5,"column":25},"end":{"line":5,"column":26}},"loc":{"start":{"line":5,"column":56},"end":{"line":7,"column":4}}},"1":{"name":"(anonymous_1)","decl":{"start":{"line":8,"column":25},"end":{"line":8,"column":26}},"loc":{"start":{"line":8,"column":56},"end":{"line":10,"column":4}}},"2":{"name":"(anonymous_2)","decl":{"start":{"line":11,"column":24},"end":{"line":11,"column":25}},"loc":{"start":{"line":11,"column":55},"end":{"line":13,"column":4}}},"3":{"name":"(anonymous_3)","decl":{"start":{"line":14,"column":24},"end":{"line":14,"column":25}},"loc":{"start":{"line":14,"column":55},"end":{"line":16,"column":4}}},"4":{"name":"isLocationValid","decl":{"start":{"line":39,"column":9},"end":{"line":39,"column":24}},"loc":{"start":{"line":39,"column":70},"end":{"line":45,"column":1}}},"5":{"name":"place","decl":{"start":{"line":47,"column":16},"end":{"line":47,"column":21}},"loc":{"start":{"line":47,"column":83},"end":{"line":56,"column":1}}},"6":{"name":"move","decl":{"start":{"line":58,"column":16},"end":{"line":58,"column":20}},"loc":{"start":{"line":58,"column":93},"end":{"line":73,"column":1}}},"7":{"name":"turn","decl":{"start":{"line":75,"column":16},"end":{"line":75,"column":20}},"loc":{"start":{"line":75,"column":49},"end":{"line":77,"column":1}}}},"branchMap":{"0":{"loc":{"start":{"line":42,"column":4},"end":{"line":43,"column":58}},"type":"binary-expr","locations":[{"start":{"line":42,"column":4},"end":{"line":42,"column":58}},{"start":{"line":43,"column":4},"end":{"line":43,"column":58}}]},"1":{"loc":{"start":{"line":42,"column":6},"end":{"line":42,"column":57}},"type":"binary-expr","locations":[{"start":{"line":42,"column":6},"end":{"line":42,"column":39}},{"start":{"line":42,"column":43},"end":{"line":42,"column":57}}]},"2":{"loc":{"start":{"line":43,"column":6},"end":{"line":43,"column":57}},"type":"binary-expr","locations":[{"start":{"line":43,"column":6},"end":{"line":43,"column":39}},{"start":{"line":43,"column":43},"end":{"line":43,"column":57}}]},"3":{"loc":{"start":{"line":48,"column":2},"end":{"line":50,"column":null}},"type":"if","locations":[{"start":{"line":48,"column":2},"end":{"line":50,"column":null}}]},"4":{"loc":{"start":{"line":59,"column":2},"end":{"line":61,"column":null}},"type":"if","locations":[{"start":{"line":59,"column":2},"end":{"line":61,"column":null}}]},"5":{"loc":{"start":{"line":65,"column":2},"end":{"line":67,"column":null}},"type":"if","locations":[{"start":{"line":65,"column":2},"end":{"line":67,"column":null}}]}},"s":{"0":1,"1":1,"2":1,"3":0,"4":0,"5":0,"6":0,"7":1,"8":2,"9":2,"10":1,"11":1,"12":1,"13":0,"14":0,"15":0,"16":0,"17":0,"18":0,"19":1,"20":0,"21":1},"f":{"0":0,"1":0,"2":0,"3":0,"4":2,"5":2,"6":0,"7":0},"b":{"0":[2,2],"1":[2,2],"2":[2,1],"3":[1],"4":[0],"5":[0]}}
,"/Users/discovery/Code/toyrobot/src/exceptions.ts": {"path":"/Users/discovery/Code/toyrobot/src/exceptions.ts","statementMap":{"0":{"start":{"line":3,"column":4},"end":{"line":3,"column":19}},"1":{"start":{"line":4,"column":4},"end":{"line":4,"column":39}},"2":{"start":{"line":16,"column":2},"end":{"line":16,"column":22}},"3":{"start":{"line":10,"column":4},"end":{"line":10,"column":19}},"4":{"start":{"line":11,"column":4},"end":{"line":11,"column":39}},"5":{"start":{"line":17,"column":2},"end":{"line":17,"column":21}}},"fnMap":{"0":{"name":"(anonymous_0)","decl":{"start":{"line":2,"column":2},"end":{"line":2,"column":14}},"loc":{"start":{"line":2,"column":43},"end":{"line":5,"column":3}}},"1":{"name":"(anonymous_1)","decl":{"start":{"line":9,"column":2},"end":{"line":9,"column":14}},"loc":{"start":{"line":9,"column":50},"end":{"line":12,"column":3}}}},"branchMap":{"0":{"loc":{"start":{"line":2,"column":14},"end":{"line":2,"column":43}},"type":"default-arg","locations":[{"start":{"line":2,"column":24},"end":{"line":2,"column":43}}]},"1":{"loc":{"start":{"line":9,"column":14},"end":{"line":9,"column":50}},"type":"default-arg","locations":[{"start":{"line":9,"column":24},"end":{"line":9,"column":50}}]}},"s":{"0":1,"1":1,"2":1,"3":0,"4":0,"5":1},"f":{"0":1,"1":0},"b":{"0":[1],"1":[0]}}
,"/Users/discovery/Code/toyrobot/src/types.ts": {"path":"/Users/discovery/Code/toyrobot/src/types.ts","statementMap":{"0":{"start":{"line":1,"column":0},"end":{"line":1,"column":null}},"1":{"start":{"line":2,"column":2},"end":{"line":2,"column":null}},"2":{"start":{"line":3,"column":2},"end":{"line":3,"column":null}},"3":{"start":{"line":4,"column":2},"end":{"line":4,"column":null}},"4":{"start":{"line":5,"column":2},"end":{"line":5,"column":null}},"5":{"start":{"line":8,"column":0},"end":{"line":8,"column":null}},"6":{"start":{"line":9,"column":2},"end":{"line":9,"column":null}},"7":{"start":{"line":10,"column":2},"end":{"line":10,"column":null}},"8":{"start":{"line":13,"column":0},"end":{"line":13,"column":null}},"9":{"start":{"line":14,"column":2},"end":{"line":14,"column":null}},"10":{"start":{"line":15,"column":2},"end":{"line":15,"column":null}},"11":{"start":{"line":16,"column":2},"end":{"line":16,"column":null}},"12":{"start":{"line":17,"column":2},"end":{"line":17,"column":null}},"13":{"start":{"line":18,"column":2},"end":{"line":18,"column":null}}},"fnMap":{"0":{"name":"(anonymous_0)","decl":{"start":{"line":1,"column":0},"end":{"line":1,"column":12}},"loc":{"start":{"line":1,"column":25},"end":{"line":6,"column":1}}},"1":{"name":"(anonymous_1)","decl":{"start":{"line":8,"column":0},"end":{"line":8,"column":12}},"loc":{"start":{"line":8,"column":20},"end":{"line":11,"column":1}}},"2":{"name":"(anonymous_2)","decl":{"start":{"line":13,"column":0},"end":{"line":13,"column":12}},"loc":{"start":{"line":13,"column":23},"end":{"line":19,"column":1}}}},"branchMap":{"0":{"loc":{"start":{"line":1,"column":12},"end":{"line":1,"column":null}},"type":"binary-expr","locations":[{"start":{"line":1,"column":12},"end":{"line":1,"column":25}},{"start":{"line":1,"column":12},"end":{"line":1,"column":null}}]},"1":{"loc":{"start":{"line":8,"column":12},"end":{"line":8,"column":null}},"type":"binary-expr","locations":[{"start":{"line":8,"column":12},"end":{"line":8,"column":20}},{"start":{"line":8,"column":12},"end":{"line":8,"column":null}}]},"2":{"loc":{"start":{"line":13,"column":12},"end":{"line":13,"column":null}},"type":"binary-expr","locations":[{"start":{"line":13,"column":12},"end":{"line":13,"column":23}},{"start":{"line":13,"column":12},"end":{"line":13,"column":null}}]}},"s":{"0":1,"1":1,"2":1,"3":1,"4":1,"5":1,"6":1,"7":1,"8":1,"9":1,"10":1,"11":1,"12":1,"13":1},"f":{"0":1,"1":1,"2":1},"b":{"0":[1,1],"1":[1,1],"2":[1,1]}}
}
