TN:
SF:src/commands.ts
FN:5,(anonymous_0)
FN:8,(anonymous_1)
FN:11,(anonymous_2)
FN:14,(anonymous_3)
FN:39,isLocationValid
FN:47,place
FN:58,move
FN:75,turn
FNF:8
FNH:2
FNDA:0,(anonymous_0)
FNDA:0,(anonymous_1)
FNDA:0,(anonymous_2)
FNDA:0,(anonymous_3)
FNDA:2,isLocationValid
FNDA:2,place
FNDA:0,move
FNDA:0,turn
DA:1,1
DA:2,1
DA:4,1
DA:5,0
DA:8,0
DA:11,0
DA:14,0
DA:19,1
DA:41,2
DA:47,1
DA:48,2
DA:49,1
DA:52,1
DA:58,1
DA:59,0
DA:60,0
DA:63,0
DA:65,0
DA:66,0
DA:69,0
DA:75,1
DA:76,0
LF:22
LH:11
BRDA:42,0,0,2
BRDA:42,0,1,2
BRDA:42,1,0,2
BRDA:42,1,1,2
BRDA:43,2,0,2
BRDA:43,2,1,1
BRDA:48,3,0,1
BRDA:59,4,0,0
BRDA:65,5,0,0
BRF:9
BRH:7
end_of_record
TN:
SF:src/exceptions.ts
FN:2,(anonymous_0)
FN:9,(anonymous_1)
FNF:2
FNH:1
FNDA:1,(anonymous_0)
FNDA:0,(anonymous_1)
DA:3,1
DA:4,1
DA:10,0
DA:11,0
DA:16,1
DA:17,1
LF:6
LH:4
BRDA:2,0,0,1
BRDA:9,1,0,0
BRF:2
BRH:1
end_of_record
TN:
SF:src/types.ts
FN:1,(anonymous_0)
FN:8,(anonymous_1)
FN:13,(anonymous_2)
FNF:3
FNH:3
FNDA:1,(anonymous_0)
FNDA:1,(anonymous_1)
FNDA:1,(anonymous_2)
DA:1,1
DA:2,1
DA:3,1
DA:4,1
DA:5,1
DA:8,1
DA:9,1
DA:10,1
DA:13,1
DA:14,1
DA:15,1
DA:16,1
DA:17,1
DA:18,1
LF:14
LH:14
BRDA:1,0,0,1
BRDA:1,0,1,1
BRDA:8,1,0,1
BRDA:8,1,1,1
BRDA:13,2,0,1
BRDA:13,2,1,1
BRF:6
BRH:6
end_of_record
